<?xml version="1.0" encoding="UTF-8"?>
<testsuite xmlns:xsi="http://www.w3.org/2001/XMLSchema-instance" xsi:noNamespaceSchemaLocation="https://maven.apache.org/surefire/maven-surefire-plugin/xsd/surefire-test-report.xsd" version="3.0.2" name="com.genAiI.JavaAI.JavaAiApplicationTests" time="1.293" tests="1" errors="0" skipped="0" failures="0">
  <properties>
[...]
</properties>
  <testcase name="contextLoads" classname="com.genAiI.JavaAI.JavaAiApplicationTests" time="0.36">
    <system-out><![CDATA[Standard Commons Logging discovery in action with spring-jcl: please remove commons-logging.jar from classpath in order to avoid potential conflicts
21:02:20.534 [main] INFO org.springframework.test.context.support.AnnotationConfigContextLoaderUtils -- Could not detect default configuration classes for test class [com.genAiI.JavaAI.JavaAiApplicationTests]: JavaAiApplicationTests does not declare any static, non-private, non-final, nested classes annotated with @Configuration.
21:02:20.585 [main] INFO org.springframework.boot.test.context.SpringBootTestContextBootstrapper -- Found @SpringBootConfiguration com.genAiI.JavaAI.JavaAiApplication for test class com.genAiI.JavaAI.JavaAiApplicationTests

  .   ____          _            __ _ _
 /\\ / ___'_ __ _ _(_)_ __  __ _ \ \ \ \
( ( )\___ | '_ | '_| | '_ \/ _` | \ \ \ \
 \\/  ___)| |_)| | | | | || (_| |  ) ) ) )
  '  |____| .__|_| |_|_| |_\__, | / / / /
 =========|_|==============|___/=/_/_/_/

 :: Spring Boot ::                (v3.5.6)

2025-11-11T21:02:20.750+05:30  INFO 1893 --- [JavaAI] [           main] c.genAiI.JavaAI.JavaAiApplicationTests   : Starting JavaAiApplicationTests using Java 25 with PID 1893 (started by macbook in /Users/macbook/Desktop/JavaAI)
2025-11-11T21:02:20.751+05:30  INFO 1893 --- [JavaAI] [           main] c.genAiI.JavaAI.JavaAiApplicationTests   : No active profile set, falling back to 1 default profile: "default"
2025-11-11T21:02:21.397+05:30  INFO 1893 --- [JavaAI] [           main] c.genAiI.JavaAI.JavaAiApplicationTests   : Started JavaAiApplicationTests in 0.748 seconds (process running for 1.171)
]]></system-out>
    <system-err><![CDATA[Mockito is currently self-attaching to enable the inline-mock-maker. This will no longer work in future releases of the JDK. Please add Mockito as an agent to your build as described in Mockito's documentation: https://javadoc.io/doc/org.mockito/mockito-core/latest/org.mockito/org/mockito/Mockito.html#0.3
WARNING: A Java agent has been loaded dynamically (/Users/macbook/.m2/repository/net/bytebuddy/byte-buddy-agent/1.17.7/byte-buddy-agent-1.17.7.jar)
WARNING: If a serviceability tool is in use, please run with -XX:+EnableDynamicAgentLoading to hide this warning
WARNING: If a serviceability tool is not in use, please run with -Djdk.instrument.traceUsage for more information
WARNING: Dynamic loading of agents will be disallowed by default in a future release
]]></system-err>
  </testcase>
</testsuite>